<?xml version="1.0" encoding="UTF-8"?>
<!-- Generated by org.testng.reporters.JUnitReportReporter -->
<testsuite hostname="DESKTOP-TI5SAMN" failures="0" tests="1" name="Edit.AutomationPractice.AppTest" time="0.011" errors="0" timestamp="2022-12-30T14:21:08 ART" skipped="0">
  <testcase classname="Edit.AutomationPractice.AppTest" name="testApp" time="0.011"/>
  <system-out/>
</testsuite> <!-- Edit.AutomationPractice.AppTest -->
