<?xml version="1.0" encoding="UTF-8"?>
<!-- Generated by org.testng.reporters.JUnitReportReporter -->
<testsuite hostname="DESKTOP-TI5SAMN" failures="0" tests="1" name="Edit.AutomationPractice.AsignacionCuatro" time="19.195" errors="0" timestamp="2022-12-29T20:05:51 ART" skipped="0">
  <testcase classname="Edit.AutomationPractice.AsignacionCuatro" name="registrarUsuario" time="19.195"/>
  <system-out/>
</testsuite> <!-- Edit.AutomationPractice.AsignacionCuatro -->
