<?xml version="1.0" encoding="UTF-8"?>
<!-- Generated by org.testng.reporters.JUnitReportReporter -->
<testsuite hostname="DESKTOP-TI5SAMN" failures="0" tests="1" name="Edit.AutomationPractice.Asignacion4" time="17.620" errors="0" timestamp="2022-12-30T15:06:18 ART" skipped="0">
  <testcase classname="Edit.AutomationPractice.Asignacion4" name="registrarUsuario" time="17.620"/>
  <system-out/>
</testsuite> <!-- Edit.AutomationPractice.Asignacion4 -->
