<?xml version="1.0" encoding="UTF-8"?>
<!-- Generated by org.testng.reporters.JUnitReportReporter -->
<testsuite hostname="DESKTOP-TI5SAMN" failures="0" tests="2" name="Edit.AutomationPractice.Asignacion5" time="1.794" errors="0" timestamp="2022-12-30T15:10:00 ART" skipped="0">
  <testcase classname="Edit.AutomationPractice.Asignacion5" name="inicioSesionChrome" time="0.241"/>
  <system-out/>
  <testcase classname="Edit.AutomationPractice.Asignacion5" name="confirmarOrdenCompra" time="1.553"/>
  <system-out/>
</testsuite> <!-- Edit.AutomationPractice.Asignacion5 -->
