<?xml version="1.0" encoding="UTF-8"?>
<!-- Generated by org.testng.reporters.JUnitReportReporter -->
<testsuite hostname="DESKTOP-TI5SAMN" failures="0" tests="1" name="Edit.AutomationPractice.Asignacion2" time="1.267" errors="0" timestamp="2022-12-30T15:06:18 ART" skipped="0">
  <testcase classname="Edit.AutomationPractice.Asignacion2" name="inicioSesionChrome" time="1.267"/>
  <system-out/>
</testsuite> <!-- Edit.AutomationPractice.Asignacion2 -->
